<?xml version="1.0" encoding="UTF-8"?>
<!-- Generated by org.testng.reporters.JUnitReportReporter -->
<testsuite hostname="DESKTOP-J70ARG0" failures="0" tests="1" name="excelTesting.ReadExcel" time="1.076" errors="0" timestamp="2021-06-23T21:44:18 IST" skipped="0">
  <testcase classname="excelTesting.ReadExcel" name="readExcel" time="1.076"/>
  <system-out/>
</testsuite> <!-- excelTesting.ReadExcel -->
